c:\users\owner\desktop\game engine\gameengine_project\gameengine_project\debug\vc141.pdb
c:\users\owner\desktop\game engine\gameengine_project\gameengine_project\debug\vc141.idb
c:\users\owner\desktop\game engine\gameengine_project\gameengine_project\debug\materialloader.obj
c:\users\owner\desktop\game engine\gameengine_project\gameengine_project\debug\materialhandler.obj
c:\users\owner\desktop\game engine\gameengine_project\gameengine_project\debug\scenegraph.obj
c:\users\owner\desktop\game engine\gameengine_project\gameengine_project\debug\mouseeventlistener.obj
c:\users\owner\desktop\game engine\gameengine_project\gameengine_project\debug\loadobjmodel.obj
c:\users\owner\desktop\game engine\gameengine_project\gameengine_project\debug\texturehandler.obj
c:\users\owner\desktop\game engine\gameengine_project\gameengine_project\debug\shaderhandler.obj
c:\users\owner\desktop\game engine\gameengine_project\gameengine_project\debug\model.obj
c:\users\owner\desktop\game engine\gameengine_project\gameengine_project\debug\mesh.obj
c:\users\owner\desktop\game engine\gameengine_project\gameengine_project\debug\startscene.obj
c:\users\owner\desktop\game engine\gameengine_project\gameengine_project\debug\gamescene.obj
c:\users\owner\desktop\game engine\gameengine_project\gameengine_project\debug\window.obj
c:\users\owner\desktop\game engine\gameengine_project\gameengine_project\debug\timer.obj
c:\users\owner\desktop\game engine\gameengine_project\gameengine_project\debug\main.obj
c:\users\owner\desktop\game engine\gameengine_project\gameengine_project\debug\game1.obj
c:\users\owner\desktop\game engine\gameengine_project\gameengine_project\debug\eventlistener.obj
c:\users\owner\desktop\game engine\gameengine_project\gameengine_project\debug\gameobject.obj
c:\users\owner\desktop\game engine\gameengine_project\gameengine_project\debug\debug.obj
c:\users\owner\desktop\game engine\gameengine_project\gameengine_project\debug\coreengine.obj
c:\users\owner\desktop\game engine\gameengine_project\gameengine_project\debug\camera.obj
c:\users\owner\desktop\game engine\gameengine_project\gameengine_project\debug\lightsource.obj
c:\users\owner\desktop\game engine\gameengine_project\debug\gameengine_project.ilk
c:\users\owner\desktop\game engine\gameengine_project\debug\gameengine_project.exe
c:\users\owner\desktop\game engine\gameengine_project\debug\gameengine_project.pdb
c:\users\owner\desktop\game engine\gameengine_project\gameengine_project\debug\gameengi.f46f6e60.tlog\cl.command.1.tlog
c:\users\owner\desktop\game engine\gameengine_project\gameengine_project\debug\gameengi.f46f6e60.tlog\cl.read.1.tlog
c:\users\owner\desktop\game engine\gameengine_project\gameengine_project\debug\gameengi.f46f6e60.tlog\cl.write.1.tlog
c:\users\owner\desktop\game engine\gameengine_project\gameengine_project\debug\gameengi.f46f6e60.tlog\link.command.1.tlog
c:\users\owner\desktop\game engine\gameengine_project\gameengine_project\debug\gameengi.f46f6e60.tlog\link.read.1.tlog
c:\users\owner\desktop\game engine\gameengine_project\gameengine_project\debug\gameengi.f46f6e60.tlog\link.write.1.tlog
